-- Looking for pthread.h
-- Looking for pthread.h - found
-- Performing Test CMAKE_HAVE_LIBC_PTHREAD
-- Performing Test CMAKE_HAVE_LIBC_PTHREAD - Success
-- Found Threads: TRUE  
-- Found OpenMP_C: -fopenmp (found version "4.5") 
-- Found OpenMP_CXX: -fopenmp (found version "4.5") 
-- Found OpenMP: TRUE (found version "4.5")  
-- Found X11: /usr/include   
-- Looking for XOpenDisplay in /usr/lib/aarch64-linux-gnu/libX11.so;/usr/lib/aarch64-linux-gnu/libXext.so
-- Looking for XOpenDisplay in /usr/lib/aarch64-linux-gnu/libX11.so;/usr/lib/aarch64-linux-gnu/libXext.so - found
-- Looking for gethostbyname
-- Looking for gethostbyname - found
-- Looking for connect
-- Looking for connect - found
-- Looking for remove
-- Looking for remove - found
-- Looking for shmat
-- Looking for shmat - found
-- Looking for IceConnectionNumber in ICE
-- Looking for IceConnectionNumber in ICE - found
-- Found OpenGL: /usr/lib/aarch64-linux-gnu/libOpenGL.so   
-- Found Open3D: /usr/local/lib/cmake/Open3D/Open3DConfig.cmake (found version "0.18.0") 
-- Configuring done
-- Generating done
-- Build files have been written to: /home/ws/build/RRT_star
[35m[1mConsolidate compiler generated dependencies of target RRT_star[0m
[ 66%] [32mBuilding CXX object CMakeFiles/RRT_star.dir/main.cpp.o[0m
[ 66%] [32mBuilding CXX object CMakeFiles/RRT_star.dir/Environment.cpp.o[0m
[100%] [32m[1mLinking CXX executable RRT_star[0m
[100%] Built target RRT_star
