[0mCMake Deprecation Warning at /usr/local/lib/cmake/Open3D/Open3DConfig.cmake:18 (cmake_policy):
  The OLD behavior for policy CMP0072 will be removed from a future version
  of CMake.

  The cmake-policies(7) manual explains that the OLD behaviors of all
  policies are deprecated and that a policy should be set to OLD only under
  specific short-term circumstances.  Projects should be ported to the NEW
  behavior and not rely on setting a policy to OLD.
Call Stack (most recent call first):
  CMakeLists.txt:22 (find_package)

[0m
-- Looking for pthread.h
-- Looking for pthread.h - found
-- Performing Test CMAKE_HAVE_LIBC_PTHREAD
-- Performing Test CMAKE_HAVE_LIBC_PTHREAD - Success
-- Found Threads: TRUE  
-- Found OpenMP_C: -fopenmp (found version "4.5") 
-- Found OpenMP_CXX: -fopenmp (found version "4.5") 
-- Found OpenMP: TRUE (found version "4.5")  
-- Found X11: /usr/include   
-- Looking for XOpenDisplay in /usr/lib/aarch64-linux-gnu/libX11.so;/usr/lib/aarch64-linux-gnu/libXext.so
-- Looking for XOpenDisplay in /usr/lib/aarch64-linux-gnu/libX11.so;/usr/lib/aarch64-linux-gnu/libXext.so - found
-- Looking for gethostbyname
-- Looking for gethostbyname - found
-- Looking for connect
-- Looking for connect - found
-- Looking for remove
-- Looking for remove - found
-- Looking for shmat
-- Looking for shmat - found
-- Looking for IceConnectionNumber in ICE
-- Looking for IceConnectionNumber in ICE - found
-- Found OpenGL: /usr/lib/aarch64-linux-gnu/libOpenGL.so   
-- Found Open3D: /usr/local/lib/cmake/Open3D/Open3DConfig.cmake (found version "0.18.0") 
-- Configuring done
-- Generating done
-- Build files have been written to: /home/ws/build/RRT_star
[35m[1mConsolidate compiler generated dependencies of target RRT_star[0m
[ 66%] [32mBuilding CXX object CMakeFiles/RRT_star.dir/main.cpp.o[0m
[ 66%] [32mBuilding CXX object CMakeFiles/RRT_star.dir/Environment.cpp.o[0m
In file included from [01m[K/usr/local/include/open3d/Open3D.h:12[m[K,
                 from [01m[K/home/ws/Environment.cpp:5[m[K:
[01m[K/usr/local/include/open3d/camera/PinholeCameraIntrinsic.h:[m[K In member function ‘[01m[Kstd::pair<double, double> open3d::camera::PinholeCameraIntrinsic::GetFocalLength() const[m[K’:
[01m[K/usr/local/include/open3d/camera/PinholeCameraIntrinsic.h:87:54:[m[K [01;36m[Knote: [m[Kparameter passing for argument of type ‘[01m[Kstd::pair<double, double>[m[K’ when C++17 is enabled changed to match C++14 in GCC 10.1
   87 |     std::pair<double, double> GetFocalLength() const [01;36m[K{[m[K
      |                                                      [01;36m[K^[m[K
[100%] [32m[1mLinking CXX executable RRT_star[0m
[100%] Built target RRT_star
