[0.013s] Invoking command in '/home/ws/build/RRT_star': /usr/bin/cmake --build /home/ws/build/RRT_star -- -j10 -l10
[0.035s] [0mCMake Deprecation Warning at /usr/local/lib/cmake/Open3D/Open3DConfig.cmake:18 (cmake_policy):
[0.035s]   The OLD behavior for policy CMP0072 will be removed from a future version
[0.035s]   of CMake.
[0.036s] 
[0.036s]   The cmake-policies(7) manual explains that the OLD behaviors of all
[0.037s]   policies are deprecated and that a policy should be set to OLD only under
[0.037s]   specific short-term circumstances.  Projects should be ported to the NEW
[0.038s]   behavior and not rely on setting a policy to OLD.
[0.038s] Call Stack (most recent call first):
[0.038s]   CMakeLists.txt:22 (find_package)
[0.039s] 
[0.039s] [0m
[0.039s] -- Looking for pthread.h
[0.109s] -- Looking for pthread.h - found
[0.109s] -- Performing Test CMAKE_HAVE_LIBC_PTHREAD
[0.170s] -- Performing Test CMAKE_HAVE_LIBC_PTHREAD - Success
[0.171s] -- Found Threads: TRUE  
[0.378s] -- Found OpenMP_C: -fopenmp (found version "4.5") 
[0.449s] -- Found OpenMP_CXX: -fopenmp (found version "4.5") 
[0.449s] -- Found OpenMP: TRUE (found version "4.5")  
[0.485s] -- Found X11: /usr/include   
[0.486s] -- Looking for XOpenDisplay in /usr/lib/aarch64-linux-gnu/libX11.so;/usr/lib/aarch64-linux-gnu/libXext.so
[0.550s] -- Looking for XOpenDisplay in /usr/lib/aarch64-linux-gnu/libX11.so;/usr/lib/aarch64-linux-gnu/libXext.so - found
[0.551s] -- Looking for gethostbyname
[0.612s] -- Looking for gethostbyname - found
[0.613s] -- Looking for connect
[0.670s] -- Looking for connect - found
[0.671s] -- Looking for remove
[0.741s] -- Looking for remove - found
[0.742s] -- Looking for shmat
[0.797s] -- Looking for shmat - found
[0.798s] -- Looking for IceConnectionNumber in ICE
[0.856s] -- Looking for IceConnectionNumber in ICE - found
[0.858s] -- Found OpenGL: /usr/lib/aarch64-linux-gnu/libOpenGL.so   
[0.860s] -- Found Open3D: /usr/local/lib/cmake/Open3D/Open3DConfig.cmake (found version "0.18.0") 
[0.860s] -- Configuring done
[0.876s] -- Generating done
[0.880s] -- Build files have been written to: /home/ws/build/RRT_star
[0.894s] [35m[1mConsolidate compiler generated dependencies of target RRT_star[0m
[1.027s] [ 66%] [32mBuilding CXX object CMakeFiles/RRT_star.dir/main.cpp.o[0m
[1.028s] [ 66%] [32mBuilding CXX object CMakeFiles/RRT_star.dir/Environment.cpp.o[0m
[1.949s] In file included from [01m[K/usr/local/include/open3d/Open3D.h:12[m[K,
[1.949s]                  from [01m[K/home/ws/Environment.cpp:5[m[K:
[1.950s] [01m[K/usr/local/include/open3d/camera/PinholeCameraIntrinsic.h:[m[K In member function ‘[01m[Kstd::pair<double, double> open3d::camera::PinholeCameraIntrinsic::GetFocalLength() const[m[K’:
[1.950s] [01m[K/usr/local/include/open3d/camera/PinholeCameraIntrinsic.h:87:54:[m[K [01;36m[Knote: [m[Kparameter passing for argument of type ‘[01m[Kstd::pair<double, double>[m[K’ when C++17 is enabled changed to match C++14 in GCC 10.1
[1.951s]    87 |     std::pair<double, double> GetFocalLength() const [01;36m[K{[m[K
[1.951s]       |                                                      [01;36m[K^[m[K
[3.511s] [100%] [32m[1mLinking CXX executable RRT_star[0m
[6.154s] [100%] Built target RRT_star
[6.159s] Invoked command in '/home/ws/build/RRT_star' returned '0': /usr/bin/cmake --build /home/ws/build/RRT_star -- -j10 -l10
