[0.007s] Invoking command in '/home/ws/build/RRT_star': /usr/bin/cmake /home/ws -DCMAKE_INSTALL_PREFIX=/home/ws/install/RRT_star
[0.047s] -- The C compiler identification is GNU 11.4.0
[0.082s] -- The CXX compiler identification is GNU 11.4.0
[0.087s] -- Detecting C compiler ABI info
[0.141s] -- Detecting C compiler ABI info - done
[0.147s] -- Check for working C compiler: /usr/bin/cc - skipped
[0.147s] -- Detecting C compile features
[0.148s] -- Detecting C compile features - done
[0.150s] -- Detecting CXX compiler ABI info
[0.212s] -- Detecting CXX compiler ABI info - done
[0.217s] -- Check for working CXX compiler: /usr/bin/c++ - skipped
[0.217s] -- Detecting CXX compile features
[0.218s] -- Detecting CXX compile features - done
[0.224s] -- Found OpenCV: /usr (found version "4.5.4") 
[0.225s] -- Found ament_cmake: 1.3.8 (/opt/ros/humble/share/ament_cmake/cmake)
[0.280s] -- Found Python3: /usr/bin/python3 (found version "3.10.12") found components: Interpreter 
[0.324s] -- Found ament_lint_auto: 0.12.10 (/opt/ros/humble/share/ament_lint_auto/cmake)
[0.325s] [0mCMake Error: File /home/ws/package.xml does not exist.[0m
[0.325s] [31mCMake Error at /opt/ros/humble/share/ament_cmake_core/cmake/core/stamp.cmake:24 (configure_file):
[0.325s]   configure_file Problem configuring file
[0.326s] Call Stack (most recent call first):
[0.326s]   /opt/ros/humble/share/ament_cmake_core/cmake/core/ament_package_xml.cmake:73 (stamp)
[0.327s]   /opt/ros/humble/share/ament_cmake_core/cmake/core/ament_package_xml.cmake:49 (_ament_package_xml)
[0.327s]   /opt/ros/humble/share/ament_lint_auto/cmake/ament_lint_auto_find_test_dependencies.cmake:31 (ament_package_xml)
[0.328s]   CMakeLists.txt:43 (ament_lint_auto_find_test_dependencies)
[0.328s] 
[0.329s] [0m
[0.329s] [0mCMake Error: File /home/ws/package.xml does not exist.[0m
[0.329s] [31mCMake Error at /opt/ros/humble/share/ament_cmake_core/cmake/core/stamp.cmake:24 (configure_file):
[0.330s]   configure_file Problem configuring file
[0.330s] Call Stack (most recent call first):
[0.330s]   /opt/ros/humble/share/ament_cmake_core/cmake/core/ament_package_xml.cmake:73 (stamp)
[0.331s]   /opt/ros/humble/share/ament_cmake_core/cmake/core/ament_package_xml.cmake:49 (_ament_package_xml)
[0.331s]   /opt/ros/humble/share/ament_cmake_core/cmake/core/ament_package.cmake:63 (ament_package_xml)
[0.332s]   CMakeLists.txt:46 (ament_package)
[0.332s] 
[0.332s] [0m
[0.343s] -- Configuring incomplete, errors occurred!
[0.343s] See also "/home/ws/build/RRT_star/CMakeFiles/CMakeOutput.log".
[0.346s] Invoked command in '/home/ws/build/RRT_star' returned '1': /usr/bin/cmake /home/ws -DCMAKE_INSTALL_PREFIX=/home/ws/install/RRT_star
