[0.008s] Invoking command in '/home/ws/build/RRT_star': /usr/bin/cmake --build /home/ws/build/RRT_star -- -j10 -l10
[0.025s] [35m[1mConsolidate compiler generated dependencies of target RRT_star[0m
[0.163s] [ 33%] [32m[1mLinking CXX executable RRT_star[0m
[0.322s] /usr/bin/ld: CMakeFiles/RRT_star.dir/Environment.cpp.o: in function `main':
[0.322s] Environment.cpp:(.text+0x414): undefined reference to `octomap::OcTree::OcTree(double)'
[0.323s] /usr/bin/ld: CMakeFiles/RRT_star.dir/Environment.cpp.o: in function `octomap::OcTreeNode::updateOccupancyChildren()':
[0.324s] Environment.cpp:(.text._ZN7octomap10OcTreeNode23updateOccupancyChildrenEv[_ZN7octomap10OcTreeNode23updateOccupancyChildrenEv]+0x10): undefined reference to `octomap::OcTreeNode::getMaxChildLogOdds() const'
[0.324s] /usr/bin/ld: CMakeFiles/RRT_star.dir/Environment.cpp.o: in function `octomap::OcTree::create() const':
[0.324s] Environment.cpp:(.text._ZNK7octomap6OcTree6createEv[_ZNK7octomap6OcTree6createEv]+0x28): undefined reference to `octomap::OcTree::OcTree(double)'
[0.325s] /usr/bin/ld: CMakeFiles/RRT_star.dir/Environment.cpp.o: in function `octomap::OcTreeBaseImpl<octomap::OcTreeNode, octomap::AbstractOccupancyOcTree>::search(octomath::Vector3 const&, unsigned int) const':
[0.325s] Environment.cpp:(.text._ZNK7octomap14OcTreeBaseImplINS_10OcTreeNodeENS_23AbstractOccupancyOcTreeEE6searchERKN8octomath7Vector3Ej[_ZNK7octomap14OcTreeBaseImplINS_10OcTreeNodeENS_23AbstractOccupancyOcTreeEE6searchERKN8octomath7Vector3Ej]+0x84): undefined reference to `octomath::operator<<(std::ostream&, octomath::Vector3 const&)'
[0.326s] /usr/bin/ld: CMakeFiles/RRT_star.dir/Environment.cpp.o: in function `octomap::OccupancyOcTreeBase<octomap::OcTreeNode>::updateNode(octomap::OcTreeKey const&, float, bool)':
[0.326s] Environment.cpp:(.text._ZN7octomap19OccupancyOcTreeBaseINS_10OcTreeNodeEE10updateNodeERKNS_9OcTreeKeyEfb[_ZN7octomap19OccupancyOcTreeBaseINS_10OcTreeNodeEE10updateNodeERKNS_9OcTreeKeyEfb]+0xd8): undefined reference to `octomap::OcTreeNode::OcTreeNode()'
[0.327s] /usr/bin/ld: CMakeFiles/RRT_star.dir/Environment.cpp.o: in function `octomap::OcTreeBaseImpl<octomap::OcTreeNode, octomap::AbstractOccupancyOcTree>::deleteNodeRecurs(octomap::OcTreeNode*)':
[0.327s] Environment.cpp:(.text._ZN7octomap14OcTreeBaseImplINS_10OcTreeNodeENS_23AbstractOccupancyOcTreeEE16deleteNodeRecursEPS1_[_ZN7octomap14OcTreeBaseImplINS_10OcTreeNodeENS_23AbstractOccupancyOcTreeEE16deleteNodeRecursEPS1_]+0xe8): undefined reference to `octomap::OcTreeNode::~OcTreeNode()'
[0.328s] /usr/bin/ld: CMakeFiles/RRT_star.dir/Environment.cpp.o: in function `octomap::OcTreeBaseImpl<octomap::OcTreeNode, octomap::AbstractOccupancyOcTree>::createNodeChild(octomap::OcTreeNode*, unsigned int)':
[0.328s] Environment.cpp:(.text._ZN7octomap14OcTreeBaseImplINS_10OcTreeNodeENS_23AbstractOccupancyOcTreeEE15createNodeChildEPS1_j[_ZN7octomap14OcTreeBaseImplINS_10OcTreeNodeENS_23AbstractOccupancyOcTreeEE15createNodeChildEPS1_j]+0xb0): undefined reference to `octomap::OcTreeNode::OcTreeNode()'
[0.329s] /usr/bin/ld: CMakeFiles/RRT_star.dir/Environment.cpp.o: in function `octomap::OccupancyOcTreeBase<octomap::OcTreeNode>::updateNodeLogOdds(octomap::OcTreeNode*, float const&) const':
[0.329s] Environment.cpp:(.text._ZNK7octomap19OccupancyOcTreeBaseINS_10OcTreeNodeEE17updateNodeLogOddsEPS1_RKf[_ZNK7octomap19OccupancyOcTreeBaseINS_10OcTreeNodeEE17updateNodeLogOddsEPS1_RKf]+0x1c): undefined reference to `octomap::OcTreeNode::addValue(float const&)'
[0.329s] /usr/bin/ld: CMakeFiles/RRT_star.dir/Environment.cpp.o: in function `octomap::OcTreeBaseImpl<octomap::OcTreeNode, octomap::AbstractOccupancyOcTree>::deleteNodeChild(octomap::OcTreeNode*, unsigned int)':
[0.330s] Environment.cpp:(.text._ZN7octomap14OcTreeBaseImplINS_10OcTreeNodeENS_23AbstractOccupancyOcTreeEE15deleteNodeChildEPS1_j[_ZN7octomap14OcTreeBaseImplINS_10OcTreeNodeENS_23AbstractOccupancyOcTreeEE15deleteNodeChildEPS1_j]+0xb8): undefined reference to `octomap::OcTreeNode::~OcTreeNode()'
[0.330s] /usr/bin/ld: CMakeFiles/RRT_star.dir/Environment.cpp.o: in function `octomap::OcTreeBaseImpl<octomap::OcTreeNode, octomap::AbstractOccupancyOcTree>::readData(std::istream&)':
[0.331s] Environment.cpp:(.text._ZN7octomap14OcTreeBaseImplINS_10OcTreeNodeENS_23AbstractOccupancyOcTreeEE8readDataERSi[_ZN7octomap14OcTreeBaseImplINS_10OcTreeNodeENS_23AbstractOccupancyOcTreeEE8readDataERSi]+0x12c): undefined reference to `octomap::OcTreeNode::OcTreeNode()'
[0.331s] /usr/bin/ld: CMakeFiles/RRT_star.dir/Environment.cpp.o: in function `octomap::OccupancyOcTreeBase<octomap::OcTreeNode>::readBinaryData(std::istream&)':
[0.332s] Environment.cpp:(.text._ZN7octomap19OccupancyOcTreeBaseINS_10OcTreeNodeEE14readBinaryDataERSi[_ZN7octomap19OccupancyOcTreeBaseINS_10OcTreeNodeEE14readBinaryDataERSi]+0x78): undefined reference to `octomap::OcTreeNode::OcTreeNode()'
[0.332s] /usr/bin/ld: CMakeFiles/RRT_star.dir/Environment.cpp.o: in function `octomap::OccupancyOcTreeBase<octomap::OcTreeNode>::insertPointCloud(octomap::Pointcloud const&, octomath::Vector3 const&, octomath::Pose6D const&, double, bool, bool)':
[0.332s] Environment.cpp:(.text._ZN7octomap19OccupancyOcTreeBaseINS_10OcTreeNodeEE16insertPointCloudERKNS_10PointcloudERKN8octomath7Vector3ERKNS6_6Pose6DEdbb[_ZN7octomap19OccupancyOcTreeBaseINS_10OcTreeNodeEE16insertPointCloudERKNS_10PointcloudERKN8octomath7Vector3ERKNS6_6Pose6DEdbb]+0x44): undefined reference to `octomap::Pointcloud::Pointcloud(octomap::Pointcloud const&)'
[0.333s] /usr/bin/ld: Environment.cpp:(.text._ZN7octomap19OccupancyOcTreeBaseINS_10OcTreeNodeEE16insertPointCloudERKNS_10PointcloudERKN8octomath7Vector3ERKNS6_6Pose6DEdbb[_ZN7octomap19OccupancyOcTreeBaseINS_10OcTreeNodeEE16insertPointCloudERKNS_10PointcloudERKN8octomath7Vector3ERKNS6_6Pose6DEdbb]+0x50): undefined reference to `octomath::Pose6D::Pose6D(octomath::Pose6D const&)'
[0.333s] /usr/bin/ld: Environment.cpp:(.text._ZN7octomap19OccupancyOcTreeBaseINS_10OcTreeNodeEE16insertPointCloudERKNS_10PointcloudERKN8octomath7Vector3ERKNS6_6Pose6DEdbb[_ZN7octomap19OccupancyOcTreeBaseINS_10OcTreeNodeEE16insertPointCloudERKNS_10PointcloudERKN8octomath7Vector3ERKNS6_6Pose6DEdbb]+0x5c): undefined reference to `octomap::Pointcloud::transform(octomath::Pose6D)'
[0.333s] /usr/bin/ld: Environment.cpp:(.text._ZN7octomap19OccupancyOcTreeBaseINS_10OcTreeNodeEE16insertPointCloudERKNS_10PointcloudERKN8octomath7Vector3ERKNS6_6Pose6DEdbb[_ZN7octomap19OccupancyOcTreeBaseINS_10OcTreeNodeEE16insertPointCloudERKNS_10PointcloudERKN8octomath7Vector3ERKNS6_6Pose6DEdbb]+0x64): undefined reference to `octomath::Pose6D::~Pose6D()'
[0.334s] /usr/bin/ld: Environment.cpp:(.text._ZN7octomap19OccupancyOcTreeBaseINS_10OcTreeNodeEE16insertPointCloudERKNS_10PointcloudERKN8octomath7Vector3ERKNS6_6Pose6DEdbb[_ZN7octomap19OccupancyOcTreeBaseINS_10OcTreeNodeEE16insertPointCloudERKNS_10PointcloudERKN8octomath7Vector3ERKNS6_6Pose6DEdbb]+0x78): undefined reference to `octomath::Pose6D::transform(octomath::Vector3 const&) const'
[0.334s] /usr/bin/ld: Environment.cpp:(.text._ZN7octomap19OccupancyOcTreeBaseINS_10OcTreeNodeEE16insertPointCloudERKNS_10PointcloudERKN8octomath7Vector3ERKNS6_6Pose6DEdbb[_ZN7octomap19OccupancyOcTreeBaseINS_10OcTreeNodeEE16insertPointCloudERKNS_10PointcloudERKN8octomath7Vector3ERKNS6_6Pose6DEdbb]+0xb4): undefined reference to `octomap::Pointcloud::~Pointcloud()'
[0.334s] /usr/bin/ld: Environment.cpp:(.text._ZN7octomap19OccupancyOcTreeBaseINS_10OcTreeNodeEE16insertPointCloudERKNS_10PointcloudERKN8octomath7Vector3ERKNS6_6Pose6DEdbb[_ZN7octomap19OccupancyOcTreeBaseINS_10OcTreeNodeEE16insertPointCloudERKNS_10PointcloudERKN8octomath7Vector3ERKNS6_6Pose6DEdbb]+0xe0): undefined reference to `octomath::Pose6D::~Pose6D()'
[0.335s] /usr/bin/ld: Environment.cpp:(.text._ZN7octomap19OccupancyOcTreeBaseINS_10OcTreeNodeEE16insertPointCloudERKNS_10PointcloudERKN8octomath7Vector3ERKNS6_6Pose6DEdbb[_ZN7octomap19OccupancyOcTreeBaseINS_10OcTreeNodeEE16insertPointCloudERKNS_10PointcloudERKN8octomath7Vector3ERKNS6_6Pose6DEdbb]+0xf0): undefined reference to `octomap::Pointcloud::~Pointcloud()'
[0.335s] /usr/bin/ld: CMakeFiles/RRT_star.dir/Environment.cpp.o: in function `octomap::OccupancyOcTreeBase<octomap::OcTreeNode>::insertPointCloud(octomap::ScanNode const&, double, bool, bool)':
[0.335s] Environment.cpp:(.text._ZN7octomap19OccupancyOcTreeBaseINS_10OcTreeNodeEE16insertPointCloudERKNS_8ScanNodeEdbb[_ZN7octomap19OccupancyOcTreeBaseINS_10OcTreeNodeEE16insertPointCloudERKNS_8ScanNodeEdbb]+0x4c): undefined reference to `octomath::Pose6D::Pose6D(octomath::Pose6D const&)'
[0.336s] /usr/bin/ld: Environment.cpp:(.text._ZN7octomap19OccupancyOcTreeBaseINS_10OcTreeNodeEE16insertPointCloudERKNS_8ScanNodeEdbb[_ZN7octomap19OccupancyOcTreeBaseINS_10OcTreeNodeEE16insertPointCloudERKNS_8ScanNodeEdbb]+0x5c): undefined reference to `octomath::Pose6D::inv() const'
[0.336s] /usr/bin/ld: Environment.cpp:(.text._ZN7octomap19OccupancyOcTreeBaseINS_10OcTreeNodeEE16insertPointCloudERKNS_8ScanNodeEdbb[_ZN7octomap19OccupancyOcTreeBaseINS_10OcTreeNodeEE16insertPointCloudERKNS_8ScanNodeEdbb]+0x80): undefined reference to `octomath::Pose6D::transform(octomath::Vector3 const&) const'
[0.337s] /usr/bin/ld: Environment.cpp:(.text._ZN7octomap19OccupancyOcTreeBaseINS_10OcTreeNodeEE16insertPointCloudERKNS_8ScanNodeEdbb[_ZN7octomap19OccupancyOcTreeBaseINS_10OcTreeNodeEE16insertPointCloudERKNS_8ScanNodeEdbb]+0x88): undefined reference to `octomath::Pose6D::~Pose6D()'
[0.337s] /usr/bin/ld: Environment.cpp:(.text._ZN7octomap19OccupancyOcTreeBaseINS_10OcTreeNodeEE16insertPointCloudERKNS_8ScanNodeEdbb[_ZN7octomap19OccupancyOcTreeBaseINS_10OcTreeNodeEE16insertPointCloudERKNS_8ScanNodeEdbb]+0xc8): undefined reference to `octomath::Pose6D::~Pose6D()'
[0.337s] /usr/bin/ld: Environment.cpp:(.text._ZN7octomap19OccupancyOcTreeBaseINS_10OcTreeNodeEE16insertPointCloudERKNS_8ScanNodeEdbb[_ZN7octomap19OccupancyOcTreeBaseINS_10OcTreeNodeEE16insertPointCloudERKNS_8ScanNodeEdbb]+0xf4): undefined reference to `octomath::Pose6D::~Pose6D()'
[0.338s] /usr/bin/ld: Environment.cpp:(.text._ZN7octomap19OccupancyOcTreeBaseINS_10OcTreeNodeEE16insertPointCloudERKNS_8ScanNodeEdbb[_ZN7octomap19OccupancyOcTreeBaseINS_10OcTreeNodeEE16insertPointCloudERKNS_8ScanNodeEdbb]+0x104): undefined reference to `octomath::Pose6D::~Pose6D()'
[0.338s] /usr/bin/ld: CMakeFiles/RRT_star.dir/Environment.cpp.o: in function `octomap::OccupancyOcTreeBase<octomap::OcTreeNode>::setNodeValue(octomap::OcTreeKey const&, float, bool)':
[0.338s] Environment.cpp:(.text._ZN7octomap19OccupancyOcTreeBaseINS_10OcTreeNodeEE12setNodeValueERKNS_9OcTreeKeyEfb[_ZN7octomap19OccupancyOcTreeBaseINS_10OcTreeNodeEE12setNodeValueERKNS_9OcTreeKeyEfb]+0x70): undefined reference to `octomap::OcTreeNode::OcTreeNode()'
[0.339s] /usr/bin/ld: CMakeFiles/RRT_star.dir/Environment.cpp.o: in function `octomap::OccupancyOcTreeBase<octomap::OcTreeNode>::readBinaryNode(std::istream&, octomap::OcTreeNode*)':
[0.339s] Environment.cpp:(.text._ZN7octomap19OccupancyOcTreeBaseINS_10OcTreeNodeEE14readBinaryNodeERSiPS1_[_ZN7octomap19OccupancyOcTreeBaseINS_10OcTreeNodeEE14readBinaryNodeERSiPS1_]+0x6d4): undefined reference to `octomap::OcTreeNode::getMaxChildLogOdds() const'
[0.340s] /usr/bin/ld: CMakeFiles/RRT_star.dir/Environment.cpp.o: in function `octomap::OccupancyOcTreeBase<octomap::OcTreeNode>::computeDiscreteUpdate(octomap::Pointcloud const&, octomath::Vector3 const&, std::tr1::unordered_set<octomap::OcTreeKey, octomap::OcTreeKey::KeyHash, std::equal_to<octomap::OcTreeKey>, std::allocator<octomap::OcTreeKey> >&, std::tr1::unordered_set<octomap::OcTreeKey, octomap::OcTreeKey::KeyHash, std::equal_to<octomap::OcTreeKey>, std::allocator<octomap::OcTreeKey> >&, double)':
[0.340s] Environment.cpp:(.text._ZN7octomap19OccupancyOcTreeBaseINS_10OcTreeNodeEE21computeDiscreteUpdateERKNS_10PointcloudERKN8octomath7Vector3ERNSt3tr113unordered_setINS_9OcTreeKeyENSC_7KeyHashESt8equal_toISC_ESaISC_EEESI_d[_ZN7octomap19OccupancyOcTreeBaseINS_10OcTreeNodeEE21computeDiscreteUpdateERKNS_10PointcloudERKN8octomath7Vector3ERNSt3tr113unordered_setINS_9OcTreeKeyENSC_7KeyHashESt8equal_toISC_ESaISC_EEESI_d]+0x3c): undefined reference to `octomap::Pointcloud::Pointcloud()'
[0.340s] /usr/bin/ld: Environment.cpp:(.text._ZN7octomap19OccupancyOcTreeBaseINS_10OcTreeNodeEE21computeDiscreteUpdateERKNS_10PointcloudERKN8octomath7Vector3ERNSt3tr113unordered_setINS_9OcTreeKeyENSC_7KeyHashESt8equal_toISC_ESaISC_EEESI_d[_ZN7octomap19OccupancyOcTreeBaseINS_10OcTreeNodeEE21computeDiscreteUpdateERKNS_10PointcloudERKN8octomath7Vector3ERNSt3tr113unordered_setINS_9OcTreeKeyENSC_7KeyHashESt8equal_toISC_ESaISC_EEESI_d]+0x154): undefined reference to `octomap::Pointcloud::~Pointcloud()'
[0.341s] /usr/bin/ld: Environment.cpp:(.text._ZN7octomap19OccupancyOcTreeBaseINS_10OcTreeNodeEE21computeDiscreteUpdateERKNS_10PointcloudERKN8octomath7Vector3ERNSt3tr113unordered_setINS_9OcTreeKeyENSC_7KeyHashESt8equal_toISC_ESaISC_EEESI_d[_ZN7octomap19OccupancyOcTreeBaseINS_10OcTreeNodeEE21computeDiscreteUpdateERKNS_10PointcloudERKN8octomath7Vector3ERNSt3tr113unordered_setINS_9OcTreeKeyENSC_7KeyHashESt8equal_toISC_ESaISC_EEESI_d]+0x1a0): undefined reference to `octomap::Pointcloud::~Pointcloud()'
[0.341s] /usr/bin/ld: CMakeFiles/RRT_star.dir/Environment.cpp.o: in function `octomap::OcTreeBaseImpl<octomap::OcTreeNode, octomap::AbstractOccupancyOcTree>::computeRayKeys(octomath::Vector3 const&, octomath::Vector3 const&, octomap::KeyRay&) const':
[0.342s] Environment.cpp:(.text._ZNK7octomap14OcTreeBaseImplINS_10OcTreeNodeENS_23AbstractOccupancyOcTreeEE14computeRayKeysERKN8octomath7Vector3ES7_RNS_6KeyRayE[_ZNK7octomap14OcTreeBaseImplINS_10OcTreeNodeENS_23AbstractOccupancyOcTreeEE14computeRayKeysERKN8octomath7Vector3ES7_RNS_6KeyRayE]+0xdc): undefined reference to `octomath::operator<<(std::ostream&, octomath::Vector3 const&)'
[0.342s] /usr/bin/ld: Environment.cpp:(.text._ZNK7octomap14OcTreeBaseImplINS_10OcTreeNodeENS_23AbstractOccupancyOcTreeEE14computeRayKeysERKN8octomath7Vector3ES7_RNS_6KeyRayE[_ZNK7octomap14OcTreeBaseImplINS_10OcTreeNodeENS_23AbstractOccupancyOcTreeEE14computeRayKeysERKN8octomath7Vector3ES7_RNS_6KeyRayE]+0xf8): undefined reference to `octomath::operator<<(std::ostream&, octomath::Vector3 const&)'
[0.350s] collect2: error: ld returned 1 exit status
[0.351s] gmake[2]: *** [CMakeFiles/RRT_star.dir/build.make:167: RRT_star] Error 1
[0.351s] gmake[1]: *** [CMakeFiles/Makefile2:83: CMakeFiles/RRT_star.dir/all] Error 2
[0.351s] gmake: *** [Makefile:91: all] Error 2
[0.352s] Invoked command in '/home/ws/build/RRT_star' returned '2': /usr/bin/cmake --build /home/ws/build/RRT_star -- -j10 -l10
