[0.008s] Invoking command in '/home/ws/build/RRT_star': /usr/bin/cmake /home/ws -DCMAKE_INSTALL_PREFIX=/home/ws/install/RRT_star
[0.018s] -- Configuring done
[0.030s] -- Generating done
[0.033s] -- Build files have been written to: /home/ws/build/RRT_star
[0.034s] Invoked command in '/home/ws/build/RRT_star' returned '0': /usr/bin/cmake /home/ws -DCMAKE_INSTALL_PREFIX=/home/ws/install/RRT_star
[0.036s] Invoking command in '/home/ws/build/RRT_star': /usr/bin/cmake --build /home/ws/build/RRT_star -- -j10 -l10
[0.059s] [ 66%] [32mBuilding CXX object CMakeFiles/RRT_star.dir/Environment.cpp.o[0m
[0.060s] [ 66%] [32mBuilding CXX object CMakeFiles/RRT_star.dir/main.cpp.o[0m
[0.990s] [100%] [32m[1mLinking CXX executable RRT_star[0m
[1.153s] /usr/bin/ld: CMakeFiles/RRT_star.dir/Environment.cpp.o: in function `main':
[1.154s] Environment.cpp:(.text+0x414): undefined reference to `octomap::OcTree::OcTree(double)'
[1.154s] /usr/bin/ld: CMakeFiles/RRT_star.dir/Environment.cpp.o: in function `octomap::OcTreeNode::updateOccupancyChildren()':
[1.155s] Environment.cpp:(.text._ZN7octomap10OcTreeNode23updateOccupancyChildrenEv[_ZN7octomap10OcTreeNode23updateOccupancyChildrenEv]+0x10): undefined reference to `octomap::OcTreeNode::getMaxChildLogOdds() const'
[1.155s] /usr/bin/ld: CMakeFiles/RRT_star.dir/Environment.cpp.o: in function `octomap::OcTree::create() const':
[1.156s] Environment.cpp:(.text._ZNK7octomap6OcTree6createEv[_ZNK7octomap6OcTree6createEv]+0x28): undefined reference to `octomap::OcTree::OcTree(double)'
[1.156s] /usr/bin/ld: CMakeFiles/RRT_star.dir/Environment.cpp.o: in function `octomap::OcTreeBaseImpl<octomap::OcTreeNode, octomap::AbstractOccupancyOcTree>::search(octomath::Vector3 const&, unsigned int) const':
[1.157s] Environment.cpp:(.text._ZNK7octomap14OcTreeBaseImplINS_10OcTreeNodeENS_23AbstractOccupancyOcTreeEE6searchERKN8octomath7Vector3Ej[_ZNK7octomap14OcTreeBaseImplINS_10OcTreeNodeENS_23AbstractOccupancyOcTreeEE6searchERKN8octomath7Vector3Ej]+0x84): undefined reference to `octomath::operator<<(std::ostream&, octomath::Vector3 const&)'
[1.157s] /usr/bin/ld: CMakeFiles/RRT_star.dir/Environment.cpp.o: in function `octomap::OccupancyOcTreeBase<octomap::OcTreeNode>::updateNode(octomap::OcTreeKey const&, float, bool)':
[1.157s] Environment.cpp:(.text._ZN7octomap19OccupancyOcTreeBaseINS_10OcTreeNodeEE10updateNodeERKNS_9OcTreeKeyEfb[_ZN7octomap19OccupancyOcTreeBaseINS_10OcTreeNodeEE10updateNodeERKNS_9OcTreeKeyEfb]+0xd8): undefined reference to `octomap::OcTreeNode::OcTreeNode()'
[1.158s] /usr/bin/ld: CMakeFiles/RRT_star.dir/Environment.cpp.o: in function `octomap::OcTreeBaseImpl<octomap::OcTreeNode, octomap::AbstractOccupancyOcTree>::deleteNodeRecurs(octomap::OcTreeNode*)':
[1.158s] Environment.cpp:(.text._ZN7octomap14OcTreeBaseImplINS_10OcTreeNodeENS_23AbstractOccupancyOcTreeEE16deleteNodeRecursEPS1_[_ZN7octomap14OcTreeBaseImplINS_10OcTreeNodeENS_23AbstractOccupancyOcTreeEE16deleteNodeRecursEPS1_]+0xe8): undefined reference to `octomap::OcTreeNode::~OcTreeNode()'
[1.159s] /usr/bin/ld: CMakeFiles/RRT_star.dir/Environment.cpp.o: in function `octomap::OcTreeBaseImpl<octomap::OcTreeNode, octomap::AbstractOccupancyOcTree>::createNodeChild(octomap::OcTreeNode*, unsigned int)':
[1.159s] Environment.cpp:(.text._ZN7octomap14OcTreeBaseImplINS_10OcTreeNodeENS_23AbstractOccupancyOcTreeEE15createNodeChildEPS1_j[_ZN7octomap14OcTreeBaseImplINS_10OcTreeNodeENS_23AbstractOccupancyOcTreeEE15createNodeChildEPS1_j]+0xb0): undefined reference to `octomap::OcTreeNode::OcTreeNode()'
[1.160s] /usr/bin/ld: CMakeFiles/RRT_star.dir/Environment.cpp.o: in function `octomap::OccupancyOcTreeBase<octomap::OcTreeNode>::updateNodeLogOdds(octomap::OcTreeNode*, float const&) const':
[1.160s] Environment.cpp:(.text._ZNK7octomap19OccupancyOcTreeBaseINS_10OcTreeNodeEE17updateNodeLogOddsEPS1_RKf[_ZNK7octomap19OccupancyOcTreeBaseINS_10OcTreeNodeEE17updateNodeLogOddsEPS1_RKf]+0x1c): undefined reference to `octomap::OcTreeNode::addValue(float const&)'
[1.160s] /usr/bin/ld: CMakeFiles/RRT_star.dir/Environment.cpp.o: in function `octomap::OcTreeBaseImpl<octomap::OcTreeNode, octomap::AbstractOccupancyOcTree>::deleteNodeChild(octomap::OcTreeNode*, unsigned int)':
[1.161s] Environment.cpp:(.text._ZN7octomap14OcTreeBaseImplINS_10OcTreeNodeENS_23AbstractOccupancyOcTreeEE15deleteNodeChildEPS1_j[_ZN7octomap14OcTreeBaseImplINS_10OcTreeNodeENS_23AbstractOccupancyOcTreeEE15deleteNodeChildEPS1_j]+0xb8): undefined reference to `octomap::OcTreeNode::~OcTreeNode()'
[1.161s] /usr/bin/ld: CMakeFiles/RRT_star.dir/Environment.cpp.o: in function `octomap::OcTreeBaseImpl<octomap::OcTreeNode, octomap::AbstractOccupancyOcTree>::readData(std::istream&)':
[1.162s] Environment.cpp:(.text._ZN7octomap14OcTreeBaseImplINS_10OcTreeNodeENS_23AbstractOccupancyOcTreeEE8readDataERSi[_ZN7octomap14OcTreeBaseImplINS_10OcTreeNodeENS_23AbstractOccupancyOcTreeEE8readDataERSi]+0x12c): undefined reference to `octomap::OcTreeNode::OcTreeNode()'
[1.162s] /usr/bin/ld: CMakeFiles/RRT_star.dir/Environment.cpp.o: in function `octomap::OccupancyOcTreeBase<octomap::OcTreeNode>::readBinaryData(std::istream&)':
[1.163s] Environment.cpp:(.text._ZN7octomap19OccupancyOcTreeBaseINS_10OcTreeNodeEE14readBinaryDataERSi[_ZN7octomap19OccupancyOcTreeBaseINS_10OcTreeNodeEE14readBinaryDataERSi]+0x78): undefined reference to `octomap::OcTreeNode::OcTreeNode()'
[1.163s] /usr/bin/ld: CMakeFiles/RRT_star.dir/Environment.cpp.o: in function `octomap::OccupancyOcTreeBase<octomap::OcTreeNode>::insertPointCloud(octomap::Pointcloud const&, octomath::Vector3 const&, octomath::Pose6D const&, double, bool, bool)':
[1.163s] Environment.cpp:(.text._ZN7octomap19OccupancyOcTreeBaseINS_10OcTreeNodeEE16insertPointCloudERKNS_10PointcloudERKN8octomath7Vector3ERKNS6_6Pose6DEdbb[_ZN7octomap19OccupancyOcTreeBaseINS_10OcTreeNodeEE16insertPointCloudERKNS_10PointcloudERKN8octomath7Vector3ERKNS6_6Pose6DEdbb]+0x44): undefined reference to `octomap::Pointcloud::Pointcloud(octomap::Pointcloud const&)'
[1.164s] /usr/bin/ld: Environment.cpp:(.text._ZN7octomap19OccupancyOcTreeBaseINS_10OcTreeNodeEE16insertPointCloudERKNS_10PointcloudERKN8octomath7Vector3ERKNS6_6Pose6DEdbb[_ZN7octomap19OccupancyOcTreeBaseINS_10OcTreeNodeEE16insertPointCloudERKNS_10PointcloudERKN8octomath7Vector3ERKNS6_6Pose6DEdbb]+0x50): undefined reference to `octomath::Pose6D::Pose6D(octomath::Pose6D const&)'
[1.164s] /usr/bin/ld: Environment.cpp:(.text._ZN7octomap19OccupancyOcTreeBaseINS_10OcTreeNodeEE16insertPointCloudERKNS_10PointcloudERKN8octomath7Vector3ERKNS6_6Pose6DEdbb[_ZN7octomap19OccupancyOcTreeBaseINS_10OcTreeNodeEE16insertPointCloudERKNS_10PointcloudERKN8octomath7Vector3ERKNS6_6Pose6DEdbb]+0x5c): undefined reference to `octomap::Pointcloud::transform(octomath::Pose6D)'
[1.164s] /usr/bin/ld: Environment.cpp:(.text._ZN7octomap19OccupancyOcTreeBaseINS_10OcTreeNodeEE16insertPointCloudERKNS_10PointcloudERKN8octomath7Vector3ERKNS6_6Pose6DEdbb[_ZN7octomap19OccupancyOcTreeBaseINS_10OcTreeNodeEE16insertPointCloudERKNS_10PointcloudERKN8octomath7Vector3ERKNS6_6Pose6DEdbb]+0x64): undefined reference to `octomath::Pose6D::~Pose6D()'
[1.165s] /usr/bin/ld: Environment.cpp:(.text._ZN7octomap19OccupancyOcTreeBaseINS_10OcTreeNodeEE16insertPointCloudERKNS_10PointcloudERKN8octomath7Vector3ERKNS6_6Pose6DEdbb[_ZN7octomap19OccupancyOcTreeBaseINS_10OcTreeNodeEE16insertPointCloudERKNS_10PointcloudERKN8octomath7Vector3ERKNS6_6Pose6DEdbb]+0x78): undefined reference to `octomath::Pose6D::transform(octomath::Vector3 const&) const'
[1.165s] /usr/bin/ld: Environment.cpp:(.text._ZN7octomap19OccupancyOcTreeBaseINS_10OcTreeNodeEE16insertPointCloudERKNS_10PointcloudERKN8octomath7Vector3ERKNS6_6Pose6DEdbb[_ZN7octomap19OccupancyOcTreeBaseINS_10OcTreeNodeEE16insertPointCloudERKNS_10PointcloudERKN8octomath7Vector3ERKNS6_6Pose6DEdbb]+0xb4): undefined reference to `octomap::Pointcloud::~Pointcloud()'
[1.166s] /usr/bin/ld: Environment.cpp:(.text._ZN7octomap19OccupancyOcTreeBaseINS_10OcTreeNodeEE16insertPointCloudERKNS_10PointcloudERKN8octomath7Vector3ERKNS6_6Pose6DEdbb[_ZN7octomap19OccupancyOcTreeBaseINS_10OcTreeNodeEE16insertPointCloudERKNS_10PointcloudERKN8octomath7Vector3ERKNS6_6Pose6DEdbb]+0xe0): undefined reference to `octomath::Pose6D::~Pose6D()'
[1.166s] /usr/bin/ld: Environment.cpp:(.text._ZN7octomap19OccupancyOcTreeBaseINS_10OcTreeNodeEE16insertPointCloudERKNS_10PointcloudERKN8octomath7Vector3ERKNS6_6Pose6DEdbb[_ZN7octomap19OccupancyOcTreeBaseINS_10OcTreeNodeEE16insertPointCloudERKNS_10PointcloudERKN8octomath7Vector3ERKNS6_6Pose6DEdbb]+0xf0): undefined reference to `octomap::Pointcloud::~Pointcloud()'
[1.166s] /usr/bin/ld: CMakeFiles/RRT_star.dir/Environment.cpp.o: in function `octomap::OccupancyOcTreeBase<octomap::OcTreeNode>::insertPointCloud(octomap::ScanNode const&, double, bool, bool)':
[1.167s] Environment.cpp:(.text._ZN7octomap19OccupancyOcTreeBaseINS_10OcTreeNodeEE16insertPointCloudERKNS_8ScanNodeEdbb[_ZN7octomap19OccupancyOcTreeBaseINS_10OcTreeNodeEE16insertPointCloudERKNS_8ScanNodeEdbb]+0x4c): undefined reference to `octomath::Pose6D::Pose6D(octomath::Pose6D const&)'
[1.167s] /usr/bin/ld: Environment.cpp:(.text._ZN7octomap19OccupancyOcTreeBaseINS_10OcTreeNodeEE16insertPointCloudERKNS_8ScanNodeEdbb[_ZN7octomap19OccupancyOcTreeBaseINS_10OcTreeNodeEE16insertPointCloudERKNS_8ScanNodeEdbb]+0x5c): undefined reference to `octomath::Pose6D::inv() const'
[1.168s] /usr/bin/ld: Environment.cpp:(.text._ZN7octomap19OccupancyOcTreeBaseINS_10OcTreeNodeEE16insertPointCloudERKNS_8ScanNodeEdbb[_ZN7octomap19OccupancyOcTreeBaseINS_10OcTreeNodeEE16insertPointCloudERKNS_8ScanNodeEdbb]+0x80): undefined reference to `octomath::Pose6D::transform(octomath::Vector3 const&) const'
[1.168s] /usr/bin/ld: Environment.cpp:(.text._ZN7octomap19OccupancyOcTreeBaseINS_10OcTreeNodeEE16insertPointCloudERKNS_8ScanNodeEdbb[_ZN7octomap19OccupancyOcTreeBaseINS_10OcTreeNodeEE16insertPointCloudERKNS_8ScanNodeEdbb]+0x88): undefined reference to `octomath::Pose6D::~Pose6D()'
[1.168s] /usr/bin/ld: Environment.cpp:(.text._ZN7octomap19OccupancyOcTreeBaseINS_10OcTreeNodeEE16insertPointCloudERKNS_8ScanNodeEdbb[_ZN7octomap19OccupancyOcTreeBaseINS_10OcTreeNodeEE16insertPointCloudERKNS_8ScanNodeEdbb]+0xc8): undefined reference to `octomath::Pose6D::~Pose6D()'
[1.169s] /usr/bin/ld: Environment.cpp:(.text._ZN7octomap19OccupancyOcTreeBaseINS_10OcTreeNodeEE16insertPointCloudERKNS_8ScanNodeEdbb[_ZN7octomap19OccupancyOcTreeBaseINS_10OcTreeNodeEE16insertPointCloudERKNS_8ScanNodeEdbb]+0xf4): undefined reference to `octomath::Pose6D::~Pose6D()'
[1.169s] /usr/bin/ld: Environment.cpp:(.text._ZN7octomap19OccupancyOcTreeBaseINS_10OcTreeNodeEE16insertPointCloudERKNS_8ScanNodeEdbb[_ZN7octomap19OccupancyOcTreeBaseINS_10OcTreeNodeEE16insertPointCloudERKNS_8ScanNodeEdbb]+0x104): undefined reference to `octomath::Pose6D::~Pose6D()'
[1.169s] /usr/bin/ld: CMakeFiles/RRT_star.dir/Environment.cpp.o: in function `octomap::OccupancyOcTreeBase<octomap::OcTreeNode>::setNodeValue(octomap::OcTreeKey const&, float, bool)':
[1.170s] Environment.cpp:(.text._ZN7octomap19OccupancyOcTreeBaseINS_10OcTreeNodeEE12setNodeValueERKNS_9OcTreeKeyEfb[_ZN7octomap19OccupancyOcTreeBaseINS_10OcTreeNodeEE12setNodeValueERKNS_9OcTreeKeyEfb]+0x70): undefined reference to `octomap::OcTreeNode::OcTreeNode()'
[1.170s] /usr/bin/ld: CMakeFiles/RRT_star.dir/Environment.cpp.o: in function `octomap::OccupancyOcTreeBase<octomap::OcTreeNode>::readBinaryNode(std::istream&, octomap::OcTreeNode*)':
[1.170s] Environment.cpp:(.text._ZN7octomap19OccupancyOcTreeBaseINS_10OcTreeNodeEE14readBinaryNodeERSiPS1_[_ZN7octomap19OccupancyOcTreeBaseINS_10OcTreeNodeEE14readBinaryNodeERSiPS1_]+0x6d4): undefined reference to `octomap::OcTreeNode::getMaxChildLogOdds() const'
[1.171s] /usr/bin/ld: CMakeFiles/RRT_star.dir/Environment.cpp.o: in function `octomap::OccupancyOcTreeBase<octomap::OcTreeNode>::computeDiscreteUpdate(octomap::Pointcloud const&, octomath::Vector3 const&, std::tr1::unordered_set<octomap::OcTreeKey, octomap::OcTreeKey::KeyHash, std::equal_to<octomap::OcTreeKey>, std::allocator<octomap::OcTreeKey> >&, std::tr1::unordered_set<octomap::OcTreeKey, octomap::OcTreeKey::KeyHash, std::equal_to<octomap::OcTreeKey>, std::allocator<octomap::OcTreeKey> >&, double)':
[1.171s] Environment.cpp:(.text._ZN7octomap19OccupancyOcTreeBaseINS_10OcTreeNodeEE21computeDiscreteUpdateERKNS_10PointcloudERKN8octomath7Vector3ERNSt3tr113unordered_setINS_9OcTreeKeyENSC_7KeyHashESt8equal_toISC_ESaISC_EEESI_d[_ZN7octomap19OccupancyOcTreeBaseINS_10OcTreeNodeEE21computeDiscreteUpdateERKNS_10PointcloudERKN8octomath7Vector3ERNSt3tr113unordered_setINS_9OcTreeKeyENSC_7KeyHashESt8equal_toISC_ESaISC_EEESI_d]+0x3c): undefined reference to `octomap::Pointcloud::Pointcloud()'
[1.172s] /usr/bin/ld: Environment.cpp:(.text._ZN7octomap19OccupancyOcTreeBaseINS_10OcTreeNodeEE21computeDiscreteUpdateERKNS_10PointcloudERKN8octomath7Vector3ERNSt3tr113unordered_setINS_9OcTreeKeyENSC_7KeyHashESt8equal_toISC_ESaISC_EEESI_d[_ZN7octomap19OccupancyOcTreeBaseINS_10OcTreeNodeEE21computeDiscreteUpdateERKNS_10PointcloudERKN8octomath7Vector3ERNSt3tr113unordered_setINS_9OcTreeKeyENSC_7KeyHashESt8equal_toISC_ESaISC_EEESI_d]+0x154): undefined reference to `octomap::Pointcloud::~Pointcloud()'
[1.172s] /usr/bin/ld: Environment.cpp:(.text._ZN7octomap19OccupancyOcTreeBaseINS_10OcTreeNodeEE21computeDiscreteUpdateERKNS_10PointcloudERKN8octomath7Vector3ERNSt3tr113unordered_setINS_9OcTreeKeyENSC_7KeyHashESt8equal_toISC_ESaISC_EEESI_d[_ZN7octomap19OccupancyOcTreeBaseINS_10OcTreeNodeEE21computeDiscreteUpdateERKNS_10PointcloudERKN8octomath7Vector3ERNSt3tr113unordered_setINS_9OcTreeKeyENSC_7KeyHashESt8equal_toISC_ESaISC_EEESI_d]+0x1a0): undefined reference to `octomap::Pointcloud::~Pointcloud()'
[1.173s] /usr/bin/ld: CMakeFiles/RRT_star.dir/Environment.cpp.o: in function `octomap::OcTreeBaseImpl<octomap::OcTreeNode, octomap::AbstractOccupancyOcTree>::computeRayKeys(octomath::Vector3 const&, octomath::Vector3 const&, octomap::KeyRay&) const':
[1.173s] Environment.cpp:(.text._ZNK7octomap14OcTreeBaseImplINS_10OcTreeNodeENS_23AbstractOccupancyOcTreeEE14computeRayKeysERKN8octomath7Vector3ES7_RNS_6KeyRayE[_ZNK7octomap14OcTreeBaseImplINS_10OcTreeNodeENS_23AbstractOccupancyOcTreeEE14computeRayKeysERKN8octomath7Vector3ES7_RNS_6KeyRayE]+0xdc): undefined reference to `octomath::operator<<(std::ostream&, octomath::Vector3 const&)'
[1.173s] /usr/bin/ld: Environment.cpp:(.text._ZNK7octomap14OcTreeBaseImplINS_10OcTreeNodeENS_23AbstractOccupancyOcTreeEE14computeRayKeysERKN8octomath7Vector3ES7_RNS_6KeyRayE[_ZNK7octomap14OcTreeBaseImplINS_10OcTreeNodeENS_23AbstractOccupancyOcTreeEE14computeRayKeysERKN8octomath7Vector3ES7_RNS_6KeyRayE]+0xf8): undefined reference to `octomath::operator<<(std::ostream&, octomath::Vector3 const&)'
[1.180s] collect2: error: ld returned 1 exit status
[1.181s] gmake[2]: *** [CMakeFiles/RRT_star.dir/build.make:167: RRT_star] Error 1
[1.182s] gmake[1]: *** [CMakeFiles/Makefile2:83: CMakeFiles/RRT_star.dir/all] Error 2
[1.182s] gmake: *** [Makefile:91: all] Error 2
[1.183s] Invoked command in '/home/ws/build/RRT_star' returned '2': /usr/bin/cmake --build /home/ws/build/RRT_star -- -j10 -l10
